
12월 02, 2023 11:25:07.13 NEW SESSION
12월 02, 2023 11:25:07.13 [2704:6452:1202/112507.132:ERROR:device_event_log_impl.cc(192)] [11:25:07.133] USB: usb_service_win.cc:415 Could not read device interface GUIDs: 지정된 파일을 찾을 수 없습니다. (0x2)
12월 02, 2023 11:51:38.65 [8948:2740:1202/115138.654:ERROR:device_event_log_impl.cc(192)] [11:51:38.654] USB: usb_service_win.cc:415 Could not read device interface GUIDs: 지정된 파일을 찾을 수 없습니다. (0x2)
12월 02, 2023 11:57:00.70 [7348:12644:1202/115700.700:ERROR:device_event_log_impl.cc(192)] [11:57:00.700] USB: usb_service_win.cc:415 Could not read device interface GUIDs: 지정된 파일을 찾을 수 없습니다. (0x2)

12월 02, 2023 16:29:59.73 NEW SESSION
12월 02, 2023 16:29:59.73 [12844:5208:1202/162959.731:ERROR:device_event_log_impl.cc(192)] [16:29:59.731] USB: usb_service_win.cc:415 Could not read device interface GUIDs: 지정된 파일을 찾을 수 없습니다. (0x2)
12월 02, 2023 17:42:45.02 [23708:13180:1202/174245.019:ERROR:device_event_log_impl.cc(192)] [17:42:45.019] USB: usb_service_win.cc:415 Could not read device interface GUIDs: 지정된 파일을 찾을 수 없습니다. (0x2)
12월 02, 2023 17:43:52.22 [2528:13872:1202/174352.223:ERROR:device_event_log_impl.cc(192)] [17:43:52.223] USB: usb_service_win.cc:415 Could not read device interface GUIDs: 지정된 파일을 찾을 수 없습니다. (0x2)
12월 02, 2023 17:47:31.81 [23632:20612:1202/174731.818:ERROR:device_event_log_impl.cc(192)] [17:47:31.818] USB: usb_service_win.cc:415 Could not read device interface GUIDs: 지정된 파일을 찾을 수 없습니다. (0x2)
12월 02, 2023 17:49:30.13 [18616:20252:1202/174930.131:ERROR:device_event_log_impl.cc(192)] [17:49:30.131] USB: usb_service_win.cc:415 Could not read device interface GUIDs: 지정된 파일을 찾을 수 없습니다. (0x2)
12월 02, 2023 17:55:14.20 [1640:20668:1202/175514.209:ERROR:device_event_log_impl.cc(192)] [17:55:14.208] USB: usb_service_win.cc:415 Could not read device interface GUIDs: 지정된 파일을 찾을 수 없습니다. (0x2)
12월 02, 2023 17:57:10.34 [12708:20608:1202/175710.348:ERROR:device_event_log_impl.cc(192)] [17:57:10.347] USB: usb_service_win.cc:415 Could not read device interface GUIDs: 지정된 파일을 찾을 수 없습니다. (0x2)
12월 02, 2023 17:59:05.33 [3268:19784:1202/175905.335:ERROR:device_event_log_impl.cc(192)] [17:59:05.334] USB: usb_service_win.cc:415 Could not read device interface GUIDs: 지정된 파일을 찾을 수 없습니다. (0x2)
12월 02, 2023 18:03:05.35 [16660:20096:1202/180305.352:ERROR:device_event_log_impl.cc(192)] [18:03:05.352] USB: usb_service_win.cc:415 Could not read device interface GUIDs: 지정된 파일을 찾을 수 없습니다. (0x2)
12월 02, 2023 18:23:38.46 [7764:22088:1202/182338.465:ERROR:device_event_log_impl.cc(192)] [18:23:38.465] USB: usb_service_win.cc:415 Could not read device interface GUIDs: 지정된 파일을 찾을 수 없습니다. (0x2)
12월 02, 2023 18:26:57.28 [4676:22872:1202/182657.284:ERROR:device_event_log_impl.cc(192)] [18:26:57.284] USB: usb_service_win.cc:415 Could not read device interface GUIDs: 지정된 파일을 찾을 수 없습니다. (0x2)
12월 02, 2023 18:28:20.71 [4648:22776:1202/182820.714:ERROR:device_event_log_impl.cc(192)] [18:28:20.715] USB: usb_service_win.cc:415 Could not read device interface GUIDs: 지정된 파일을 찾을 수 없습니다. (0x2)

12월 02, 2023 19:50:23.43 NEW SESSION
12월 02, 2023 19:50:23.43 [7656:23040:1202/195023.429:ERROR:device_event_log_impl.cc(192)] [19:50:23.429] USB: usb_service_win.cc:415 Could not read device interface GUIDs: 지정된 파일을 찾을 수 없습니다. (0x2)
12월 02, 2023 19:58:24.95 [21744:16196:1202/195824.951:ERROR:device_event_log_impl.cc(192)] [19:58:24.950] USB: usb_service_win.cc:415 Could not read device interface GUIDs: 지정된 파일을 찾을 수 없습니다. (0x2)
12월 02, 2023 20:28:44.03 [20212:1916:1202/202844.038:ERROR:device_event_log_impl.cc(192)] [20:28:44.038] USB: usb_service_win.cc:415 Could not read device interface GUIDs: 지정된 파일을 찾을 수 없습니다. (0x2)
12월 02, 2023 21:36:34.76 [21004:3764:1202/213634.766:ERROR:device_event_log_impl.cc(192)] [21:36:34.765] USB: usb_service_win.cc:415 Could not read device interface GUIDs: 지정된 파일을 찾을 수 없습니다. (0x2)

12월 03, 2023 10:32:01.62 NEW SESSION
12월 03, 2023 10:32:01.62 [12952:10476:1203/103201.621:ERROR:device_event_log_impl.cc(192)] [10:32:01.621] USB: usb_service_win.cc:415 Could not read device interface GUIDs: 지정된 파일을 찾을 수 없습니다. (0x2)
12월 03, 2023 10:34:03.64 [6212:14732:1203/103403.647:ERROR:device_event_log_impl.cc(192)] [10:34:03.647] USB: usb_service_win.cc:415 Could not read device interface GUIDs: 지정된 파일을 찾을 수 없습니다. (0x2)

12월 03, 2023 11:09:25.50 NEW SESSION
12월 03, 2023 11:09:25.50 [7300:14840:1203/110925.507:ERROR:device_event_log_impl.cc(192)] [11:09:25.507] USB: usb_service_win.cc:415 Could not read device interface GUIDs: 지정된 파일을 찾을 수 없습니다. (0x2)
12월 03, 2023 11:23:39.65 [7300:14840:1203/112339.655:ERROR:device_event_log_impl.cc(192)] [11:23:39.655] USB: usb_service_win.cc:104 SetupDiGetDeviceProperty({{A45C254E-DF1C-4EFD-8020-67D146A850E0}, 6}) failed: 요소가 없습니다. (0x490)
12월 03, 2023 11:47:07.88 [7300:14840:1203/114707.882:ERROR:device_event_log_impl.cc(192)] [11:47:07.883] USB: usb_service_win.cc:104 SetupDiGetDeviceProperty({{A45C254E-DF1C-4EFD-8020-67D146A850E0}, 6}) failed: 요소가 없습니다. (0x490)
12월 03, 2023 12:02:22.03 [24320:24272:1203/120222.036:ERROR:device_event_log_impl.cc(192)] [12:02:22.036] USB: usb_service_win.cc:415 Could not read device interface GUIDs: 지정된 파일을 찾을 수 없습니다. (0x2)
12월 03, 2023 12:06:04.32 [9260:12816:1203/120604.321:ERROR:device_event_log_impl.cc(192)] [12:06:04.321] USB: usb_service_win.cc:415 Could not read device interface GUIDs: 지정된 파일을 찾을 수 없습니다. (0x2)
12월 03, 2023 12:07:59.43 [10432:14920:1203/120759.439:ERROR:device_event_log_impl.cc(192)] [12:07:59.438] USB: usb_service_win.cc:415 Could not read device interface GUIDs: 지정된 파일을 찾을 수 없습니다. (0x2)
12월 03, 2023 12:28:31.20 [180:2432:1203/122831.206:ERROR:device_event_log_impl.cc(192)] [12:28:31.207] USB: usb_service_win.cc:415 Could not read device interface GUIDs: 지정된 파일을 찾을 수 없습니다. (0x2)
12월 03, 2023 12:43:16.27 [11288:1688:1203/124316.276:ERROR:device_event_log_impl.cc(192)] [12:43:16.276] USB: usb_service_win.cc:415 Could not read device interface GUIDs: 지정된 파일을 찾을 수 없습니다. (0x2)
12월 03, 2023 12:44:58.47 [11288:1688:1203/124458.473:ERROR:interface_endpoint_client.cc(702)] Message 1 rejected by interface blink.mojom.WidgetHost
12월 03, 2023 12:51:45.59 [15936:9864:1203/125145.593:ERROR:device_event_log_impl.cc(192)] [12:51:45.592] USB: usb_service_win.cc:415 Could not read device interface GUIDs: 지정된 파일을 찾을 수 없습니다. (0x2)
12월 03, 2023 12:52:40.53 [15936:9864:1203/125240.529:ERROR:interface_endpoint_client.cc(702)] Message 0 rejected by interface blink.mojom.WidgetHost
12월 03, 2023 12:53:51.81 [15936:9864:1203/125351.810:ERROR:interface_endpoint_client.cc(702)] Message 0 rejected by interface blink.mojom.WidgetHost
12월 03, 2023 12:55:30.67 [9148:6476:1203/125530.675:ERROR:device_event_log_impl.cc(192)] [12:55:30.675] USB: usb_service_win.cc:415 Could not read device interface GUIDs: 지정된 파일을 찾을 수 없습니다. (0x2)
12월 03, 2023 13:01:11.59 [22168:17216:1203/130111.591:ERROR:device_event_log_impl.cc(192)] [13:01:11.591] USB: usb_service_win.cc:415 Could not read device interface GUIDs: 지정된 파일을 찾을 수 없습니다. (0x2)
12월 03, 2023 13:10:06.13 [13168:5708:1203/131006.135:ERROR:device_event_log_impl.cc(192)] [13:10:06.135] USB: usb_service_win.cc:415 Could not read device interface GUIDs: 지정된 파일을 찾을 수 없습니다. (0x2)
12월 03, 2023 13:22:29.97 [12860:20204:1203/132229.977:ERROR:device_event_log_impl.cc(192)] [13:22:29.977] USB: usb_service_win.cc:415 Could not read device interface GUIDs: 지정된 파일을 찾을 수 없습니다. (0x2)
12월 03, 2023 13:46:27.34 [12860:20204:1203/134627.348:ERROR:interface_endpoint_client.cc(702)] Message 1 rejected by interface blink.mojom.WidgetHost
12월 03, 2023 13:55:47.63 [8376:21920:1203/135547.631:ERROR:device_event_log_impl.cc(192)] [13:55:47.631] USB: usb_service_win.cc:415 Could not read device interface GUIDs: 지정된 파일을 찾을 수 없습니다. (0x2)
12월 03, 2023 14:02:50.75 [2376:21820:1203/140250.754:ERROR:device_event_log_impl.cc(192)] [14:02:50.754] USB: usb_service_win.cc:415 Could not read device interface GUIDs: 지정된 파일을 찾을 수 없습니다. (0x2)
12월 03, 2023 14:33:20.52 [20508:22272:1203/143320.520:ERROR:device_event_log_impl.cc(192)] [14:33:20.520] USB: usb_service_win.cc:415 Could not read device interface GUIDs: 지정된 파일을 찾을 수 없습니다. (0x2)
12월 03, 2023 14:53:44.40 [11800:12112:1203/145344.401:ERROR:device_event_log_impl.cc(192)] [14:53:44.400] USB: usb_service_win.cc:415 Could not read device interface GUIDs: 지정된 파일을 찾을 수 없습니다. (0x2)
12월 03, 2023 14:59:45.65 [18852:5084:1203/145945.655:ERROR:device_event_log_impl.cc(192)] [14:59:45.655] USB: usb_service_win.cc:415 Could not read device interface GUIDs: 지정된 파일을 찾을 수 없습니다. (0x2)
12월 03, 2023 15:00:39.74 [12776:8788:1203/150039.742:ERROR:device_event_log_impl.cc(192)] [15:00:39.741] USB: usb_service_win.cc:415 Could not read device interface GUIDs: 지정된 파일을 찾을 수 없습니다. (0x2)
12월 03, 2023 15:07:29.96 [15484:23560:1203/150729.964:ERROR:device_event_log_impl.cc(192)] [15:07:29.964] USB: usb_service_win.cc:415 Could not read device interface GUIDs: 지정된 파일을 찾을 수 없습니다. (0x2)
12월 03, 2023 15:53:38.44 [5424:15108:1203/155338.448:ERROR:device_event_log_impl.cc(192)] [15:53:38.448] USB: usb_service_win.cc:415 Could not read device interface GUIDs: 지정된 파일을 찾을 수 없습니다. (0x2)
12월 03, 2023 16:04:46.29 [21076:8284:1203/160446.297:ERROR:device_event_log_impl.cc(192)] [16:04:46.296] USB: usb_service_win.cc:415 Could not read device interface GUIDs: 지정된 파일을 찾을 수 없습니다. (0x2)
12월 03, 2023 16:07:00.63 [9288:21912:1203/160700.630:ERROR:device_event_log_impl.cc(192)] [16:07:00.630] USB: usb_service_win.cc:415 Could not read device interface GUIDs: 지정된 파일을 찾을 수 없습니다. (0x2)
12월 03, 2023 16:10:46.48 [20304:8956:1203/161046.480:ERROR:device_event_log_impl.cc(192)] [16:10:46.480] USB: usb_service_win.cc:415 Could not read device interface GUIDs: 지정된 파일을 찾을 수 없습니다. (0x2)
12월 03, 2023 16:18:17.17 [1416:16352:1203/161817.174:ERROR:device_event_log_impl.cc(192)] [16:18:17.174] USB: usb_service_win.cc:415 Could not read device interface GUIDs: 지정된 파일을 찾을 수 없습니다. (0x2)

12월 03, 2023 16:19:18.40 NEW SESSION
12월 03, 2023 16:19:18.40 [16252:10708:1203/161918.406:ERROR:device_event_log_impl.cc(192)] [16:19:18.406] USB: usb_service_win.cc:415 Could not read device interface GUIDs: 지정된 파일을 찾을 수 없습니다. (0x2)
12월 03, 2023 16:19:38.15 [17016:23532:1203/161938.156:ERROR:device_event_log_impl.cc(192)] [16:19:38.157] USB: usb_service_win.cc:415 Could not read device interface GUIDs: 지정된 파일을 찾을 수 없습니다. (0x2)
12월 03, 2023 16:20:35.20 [22188:16744:1203/162035.208:ERROR:device_event_log_impl.cc(192)] [16:20:35.208] USB: usb_service_win.cc:415 Could not read device interface GUIDs: 지정된 파일을 찾을 수 없습니다. (0x2)
12월 03, 2023 16:21:31.78 [4720:15996:1203/162131.781:ERROR:device_event_log_impl.cc(192)] [16:21:31.781] USB: usb_service_win.cc:415 Could not read device interface GUIDs: 지정된 파일을 찾을 수 없습니다. (0x2)
12월 03, 2023 16:23:07.25 [22728:19400:1203/162307.256:ERROR:device_event_log_impl.cc(192)] [16:23:07.257] USB: usb_service_win.cc:415 Could not read device interface GUIDs: 지정된 파일을 찾을 수 없습니다. (0x2)
12월 03, 2023 16:24:04.91 [17064:11720:1203/162404.917:ERROR:device_event_log_impl.cc(192)] [16:24:04.917] USB: usb_service_win.cc:415 Could not read device interface GUIDs: 지정된 파일을 찾을 수 없습니다. (0x2)
12월 03, 2023 16:34:37.83 [20416:18956:1203/163437.835:ERROR:device_event_log_impl.cc(192)] [16:34:37.834] USB: usb_service_win.cc:415 Could not read device interface GUIDs: 지정된 파일을 찾을 수 없습니다. (0x2)
12월 03, 2023 16:39:55.42 [19024:17444:1203/163955.419:ERROR:device_event_log_impl.cc(192)] [16:39:55.419] USB: usb_service_win.cc:415 Could not read device interface GUIDs: 지정된 파일을 찾을 수 없습니다. (0x2)
12월 03, 2023 17:01:07.57 [21544:24112:1203/170107.573:ERROR:device_event_log_impl.cc(192)] [17:01:07.573] USB: usb_service_win.cc:415 Could not read device interface GUIDs: 지정된 파일을 찾을 수 없습니다. (0x2)
12월 03, 2023 17:26:07.39 [21544:24112:1203/172607.398:ERROR:device_event_log_impl.cc(192)] [17:26:07.398] USB: usb_service_win.cc:104 SetupDiGetDeviceProperty({{A45C254E-DF1C-4EFD-8020-67D146A850E0}, 6}) failed: 요소가 없습니다. (0x490)
12월 03, 2023 17:41:36.26 [12940:8776:1203/174136.260:ERROR:device_event_log_impl.cc(192)] [17:41:36.259] USB: usb_service_win.cc:415 Could not read device interface GUIDs: 지정된 파일을 찾을 수 없습니다. (0x2)

12월 03, 2023 17:57:01.36 NEW SESSION
12월 03, 2023 17:57:01.36 [6520:2352:1203/175701.363:ERROR:persistent_memory_allocator.cc(890)] Corruption detected in shared-memory segment.
12월 03, 2023 17:57:01.36 [6520:6664:1203/175701.363:ERROR:device_event_log_impl.cc(192)] [17:57:01.363] USB: usb_service_win.cc:415 Could not read device interface GUIDs: 지정된 파일을 찾을 수 없습니다. (0x2)
12월 03, 2023 18:01:52.25 [16660:16656:1203/180152.253:ERROR:device_event_log_impl.cc(192)] [18:01:52.253] USB: usb_service_win.cc:415 Could not read device interface GUIDs: 지정된 파일을 찾을 수 없습니다. (0x2)
12월 03, 2023 18:02:09.95 [16312:3616:1203/180209.954:ERROR:device_event_log_impl.cc(192)] [18:02:09.953] USB: usb_service_win.cc:415 Could not read device interface GUIDs: 지정된 파일을 찾을 수 없습니다. (0x2)
12월 03, 2023 18:04:55.48 [3456:1560:1203/180455.480:ERROR:device_event_log_impl.cc(192)] [18:04:55.479] USB: usb_service_win.cc:415 Could not read device interface GUIDs: 지정된 파일을 찾을 수 없습니다. (0x2)
12월 03, 2023 18:18:25.64 [17836:17288:1203/181825.649:ERROR:device_event_log_impl.cc(192)] [18:18:25.650] USB: usb_service_win.cc:415 Could not read device interface GUIDs: 지정된 파일을 찾을 수 없습니다. (0x2)
12월 03, 2023 18:46:14.11 [16516:6344:1203/184614.118:ERROR:device_event_log_impl.cc(192)] [18:46:14.117] USB: usb_service_win.cc:415 Could not read device interface GUIDs: 지정된 파일을 찾을 수 없습니다. (0x2)
12월 03, 2023 18:49:55.24 [11832:3792:1203/184955.245:ERROR:device_event_log_impl.cc(192)] [18:49:55.245] USB: usb_service_win.cc:415 Could not read device interface GUIDs: 지정된 파일을 찾을 수 없습니다. (0x2)
12월 03, 2023 18:51:10.20 [18704:7888:1203/185110.201:ERROR:device_event_log_impl.cc(192)] [18:51:10.200] USB: usb_service_win.cc:415 Could not read device interface GUIDs: 지정된 파일을 찾을 수 없습니다. (0x2)
12월 03, 2023 18:54:35.54 [4452:4440:1203/185435.544:ERROR:device_event_log_impl.cc(192)] [18:54:35.543] USB: usb_service_win.cc:415 Could not read device interface GUIDs: 지정된 파일을 찾을 수 없습니다. (0x2)
12월 03, 2023 19:03:38.13 [4452:4440:1203/190338.129:ERROR:interface_endpoint_client.cc(702)] Message 0 rejected by interface blink.mojom.WidgetHost
12월 03, 2023 19:06:55.27 [8976:5840:1203/190655.271:ERROR:device_event_log_impl.cc(192)] [19:06:55.271] USB: usb_service_win.cc:415 Could not read device interface GUIDs: 지정된 파일을 찾을 수 없습니다. (0x2)
12월 03, 2023 19:07:36.40 [4772:9140:1203/190736.408:ERROR:device_event_log_impl.cc(192)] [19:07:36.407] USB: usb_service_win.cc:415 Could not read device interface GUIDs: 지정된 파일을 찾을 수 없습니다. (0x2)
12월 03, 2023 19:08:50.23 [9680:18124:1203/190850.238:ERROR:device_event_log_impl.cc(192)] [19:08:50.238] USB: usb_service_win.cc:415 Could not read device interface GUIDs: 지정된 파일을 찾을 수 없습니다. (0x2)
12월 03, 2023 19:09:36.91 [10008:9400:1203/190936.914:ERROR:device_event_log_impl.cc(192)] [19:09:36.914] USB: usb_service_win.cc:415 Could not read device interface GUIDs: 지정된 파일을 찾을 수 없습니다. (0x2)
12월 03, 2023 19:11:29.96 [2556:16864:1203/191129.966:ERROR:device_event_log_impl.cc(192)] [19:11:29.966] USB: usb_service_win.cc:415 Could not read device interface GUIDs: 지정된 파일을 찾을 수 없습니다. (0x2)
12월 03, 2023 19:20:28.75 [18520:19452:1203/192028.750:ERROR:device_event_log_impl.cc(192)] [19:20:28.750] USB: usb_service_win.cc:415 Could not read device interface GUIDs: 지정된 파일을 찾을 수 없습니다. (0x2)
12월 03, 2023 19:25:13.66 [2752:8464:1203/192513.663:ERROR:device_event_log_impl.cc(192)] [19:25:13.662] USB: usb_service_win.cc:415 Could not read device interface GUIDs: 지정된 파일을 찾을 수 없습니다. (0x2)
12월 03, 2023 19:28:38.49 [6428:17188:1203/192838.491:ERROR:device_event_log_impl.cc(192)] [19:28:38.492] USB: usb_service_win.cc:415 Could not read device interface GUIDs: 지정된 파일을 찾을 수 없습니다. (0x2)
12월 03, 2023 19:31:19.78 [9896:10556:1203/193119.780:ERROR:device_event_log_impl.cc(192)] [19:31:19.779] USB: usb_service_win.cc:415 Could not read device interface GUIDs: 지정된 파일을 찾을 수 없습니다. (0x2)
12월 03, 2023 19:33:51.17 [2336:11700:1203/193351.176:ERROR:device_event_log_impl.cc(192)] [19:33:51.176] USB: usb_service_win.cc:415 Could not read device interface GUIDs: 지정된 파일을 찾을 수 없습니다. (0x2)
12월 03, 2023 19:56:31.09 [2336:11700:1203/195631.091:ERROR:device_event_log_impl.cc(192)] [19:56:31.091] USB: usb_service_win.cc:104 SetupDiGetDeviceProperty({{A45C254E-DF1C-4EFD-8020-67D146A850E0}, 6}) failed: 요소가 없습니다. (0x490)
12월 03, 2023 19:59:12.17 [12096:9600:1203/195912.179:ERROR:device_event_log_impl.cc(192)] [19:59:12.179] USB: usb_service_win.cc:415 Could not read device interface GUIDs: 지정된 파일을 찾을 수 없습니다. (0x2)
12월 03, 2023 20:01:25.51 [2872:8452:1203/200125.511:ERROR:device_event_log_impl.cc(192)] [20:01:25.511] USB: usb_service_win.cc:415 Could not read device interface GUIDs: 지정된 파일을 찾을 수 없습니다. (0x2)
12월 03, 2023 20:01:56.41 [1996:9640:1203/200156.418:ERROR:device_event_log_impl.cc(192)] [20:01:56.418] USB: usb_service_win.cc:415 Could not read device interface GUIDs: 지정된 파일을 찾을 수 없습니다. (0x2)
12월 03, 2023 20:20:29.00 [8104:6624:1203/202029.000:ERROR:device_event_log_impl.cc(192)] [20:20:28.999] USB: usb_service_win.cc:415 Could not read device interface GUIDs: 지정된 파일을 찾을 수 없습니다. (0x2)
12월 03, 2023 20:53:50.33 [16392:10748:1203/205350.330:ERROR:device_event_log_impl.cc(192)] [20:53:50.330] USB: usb_service_win.cc:415 Could not read device interface GUIDs: 지정된 파일을 찾을 수 없습니다. (0x2)
12월 03, 2023 20:55:50.20 [18436:13984:1203/205550.203:ERROR:device_event_log_impl.cc(192)] [20:55:50.202] USB: usb_service_win.cc:415 Could not read device interface GUIDs: 지정된 파일을 찾을 수 없습니다. (0x2)
12월 03, 2023 21:13:54.20 [3028:16648:1203/211354.208:ERROR:device_event_log_impl.cc(192)] [21:13:54.209] USB: usb_service_win.cc:415 Could not read device interface GUIDs: 지정된 파일을 찾을 수 없습니다. (0x2)
12월 03, 2023 21:15:33.59 [3028:16648:1203/211533.594:ERROR:interface_endpoint_client.cc(702)] Message 1 rejected by interface blink.mojom.WidgetHost
12월 03, 2023 21:15:40.58 [3028:16648:1203/211540.586:ERROR:interface_endpoint_client.cc(702)] Message 0 rejected by interface blink.mojom.WidgetHost
12월 03, 2023 21:15:56.46 [3028:16648:1203/211556.461:ERROR:interface_endpoint_client.cc(702)] Message 0 rejected by interface blink.mojom.WidgetHost
12월 03, 2023 21:31:42.45 [1204:7900:1203/213142.458:ERROR:device_event_log_impl.cc(192)] [21:31:42.458] USB: usb_service_win.cc:415 Could not read device interface GUIDs: 지정된 파일을 찾을 수 없습니다. (0x2)
12월 03, 2023 21:53:32.58 [8988:19284:1203/215332.585:ERROR:device_event_log_impl.cc(192)] [21:53:32.585] USB: usb_service_win.cc:415 Could not read device interface GUIDs: 지정된 파일을 찾을 수 없습니다. (0x2)
12월 03, 2023 22:35:34.00 [2916:5440:1203/223534.009:ERROR:device_event_log_impl.cc(192)] [22:35:34.008] USB: usb_service_win.cc:415 Could not read device interface GUIDs: 지정된 파일을 찾을 수 없습니다. (0x2)
12월 03, 2023 22:36:42.17 [2916:5440:1203/223642.178:ERROR:interface_endpoint_client.cc(702)] Message 1 rejected by interface blink.mojom.WidgetHost
12월 03, 2023 22:36:42.17 [2916:5440:1203/223642.178:ERROR:interface_endpoint_client.cc(702)] Message 1 rejected by interface blink.mojom.WidgetHost
12월 03, 2023 22:44:33.47 [8852:9344:1203/224433.476:ERROR:device_event_log_impl.cc(192)] [22:44:33.476] USB: usb_service_win.cc:415 Could not read device interface GUIDs: 지정된 파일을 찾을 수 없습니다. (0x2)
12월 03, 2023 22:53:46.83 [19272:11912:1203/225346.833:ERROR:device_event_log_impl.cc(192)] [22:53:46.833] USB: usb_service_win.cc:415 Could not read device interface GUIDs: 지정된 파일을 찾을 수 없습니다. (0x2)
12월 03, 2023 22:54:45.53 [19272:11912:1203/225445.537:ERROR:interface_endpoint_client.cc(702)] Message 1 rejected by interface blink.mojom.WidgetHost
12월 03, 2023 22:58:14.35 [10088:4872:1203/225814.356:ERROR:device_event_log_impl.cc(192)] [22:58:14.357] USB: usb_service_win.cc:415 Could not read device interface GUIDs: 지정된 파일을 찾을 수 없습니다. (0x2)
12월 03, 2023 23:05:29.28 [2332:17400:1203/230529.282:ERROR:device_event_log_impl.cc(192)] [23:05:29.282] USB: usb_service_win.cc:415 Could not read device interface GUIDs: 지정된 파일을 찾을 수 없습니다. (0x2)

12월 04, 2023 14:02:56.88 NEW SESSION
12월 04, 2023 14:02:56.88 [13384:7996:1204/140256.883:ERROR:device_event_log_impl.cc(192)] [14:02:56.882] USB: usb_service_win.cc:415 Could not read device interface GUIDs: 지정된 파일을 찾을 수 없습니다. (0x2)
12월 04, 2023 14:11:10.29 [9376:14660:1204/141110.291:ERROR:device_event_log_impl.cc(192)] [14:11:10.291] USB: usb_service_win.cc:415 Could not read device interface GUIDs: 지정된 파일을 찾을 수 없습니다. (0x2)
12월 04, 2023 14:15:29.09 [2888:14220:1204/141529.092:ERROR:device_event_log_impl.cc(192)] [14:15:29.092] USB: usb_service_win.cc:415 Could not read device interface GUIDs: 지정된 파일을 찾을 수 없습니다. (0x2)
12월 04, 2023 14:35:30.12 [13348:20284:1204/143530.129:ERROR:device_event_log_impl.cc(192)] [14:35:30.128] USB: usb_service_win.cc:415 Could not read device interface GUIDs: 지정된 파일을 찾을 수 없습니다. (0x2)
12월 04, 2023 18:03:08.34 [21396:20836:1204/180308.348:ERROR:device_event_log_impl.cc(192)] [18:03:08.347] USB: usb_service_win.cc:415 Could not read device interface GUIDs: 지정된 파일을 찾을 수 없습니다. (0x2)
12월 04, 2023 18:04:04.46 [7788:4608:1204/180404.468:ERROR:device_event_log_impl.cc(192)] [18:04:04.467] USB: usb_service_win.cc:415 Could not read device interface GUIDs: 지정된 파일을 찾을 수 없습니다. (0x2)
12월 04, 2023 18:08:44.17 [14220:21196:1204/180844.179:ERROR:device_event_log_impl.cc(192)] [18:08:44.179] USB: usb_service_win.cc:415 Could not read device interface GUIDs: 지정된 파일을 찾을 수 없습니다. (0x2)
12월 04, 2023 18:10:44.08 [13568:21020:1204/181044.081:ERROR:device_event_log_impl.cc(192)] [18:10:44.081] USB: usb_service_win.cc:415 Could not read device interface GUIDs: 지정된 파일을 찾을 수 없습니다. (0x2)
12월 04, 2023 18:21:37.18 [14384:3844:1204/182137.187:ERROR:device_event_log_impl.cc(192)] [18:21:37.186] USB: usb_service_win.cc:415 Could not read device interface GUIDs: 지정된 파일을 찾을 수 없습니다. (0x2)
12월 04, 2023 18:28:17.52 [21048:18252:1204/182817.524:ERROR:device_event_log_impl.cc(192)] [18:28:17.524] USB: usb_service_win.cc:415 Could not read device interface GUIDs: 지정된 파일을 찾을 수 없습니다. (0x2)
12월 04, 2023 18:33:50.67 [8972:5980:1204/183350.676:ERROR:device_event_log_impl.cc(192)] [18:33:50.677] USB: usb_service_win.cc:415 Could not read device interface GUIDs: 지정된 파일을 찾을 수 없습니다. (0x2)
12월 04, 2023 18:34:45.68 [6212:20796:1204/183445.680:ERROR:device_event_log_impl.cc(192)] [18:34:45.679] USB: usb_service_win.cc:415 Could not read device interface GUIDs: 지정된 파일을 찾을 수 없습니다. (0x2)
12월 04, 2023 18:37:38.19 [21240:2412:1204/183738.193:ERROR:device_event_log_impl.cc(192)] [18:37:38.193] USB: usb_service_win.cc:415 Could not read device interface GUIDs: 지정된 파일을 찾을 수 없습니다. (0x2)
12월 04, 2023 18:47:30.47 [21104:18612:1204/184730.471:ERROR:device_event_log_impl.cc(192)] [18:47:30.470] USB: usb_service_win.cc:415 Could not read device interface GUIDs: 지정된 파일을 찾을 수 없습니다. (0x2)
12월 04, 2023 19:10:35.69 [9280:16308:1204/191035.697:ERROR:device_event_log_impl.cc(192)] [19:10:35.697] USB: usb_service_win.cc:415 Could not read device interface GUIDs: 지정된 파일을 찾을 수 없습니다. (0x2)
12월 04, 2023 19:20:46.14 [9280:16308:1204/192046.141:ERROR:interface_endpoint_client.cc(702)] Message 1 rejected by interface blink.mojom.WidgetHost

12월 04, 2023 20:52:21.55 NEW SESSION
12월 04, 2023 20:52:21.55 [18360:13756:1204/205221.549:ERROR:device_event_log_impl.cc(192)] [20:52:21.546] USB: usb_service_win.cc:415 Could not read device interface GUIDs: 지정된 파일을 찾을 수 없습니다. (0x2)
